mode: set
pokecalc/domain/types/bug.go:6.40,7.18 1 1
pokecalc/domain/types/bug.go:13.2,13.13 1 1
pokecalc/domain/types/bug.go:8.66,9.17 1 1
pokecalc/domain/types/bug.go:10.31,11.15 1 1
pokecalc/domain/types/bug.go:16.30,18.2 1 1
pokecalc/domain/types/ghost.go:6.42,7.18 1 1
pokecalc/domain/types/ghost.go:15.2,15.13 1 1
pokecalc/domain/types/ghost.go:8.13,9.17 1 1
pokecalc/domain/types/ghost.go:10.24,11.15 1 1
pokecalc/domain/types/ghost.go:12.15,13.18 1 1
pokecalc/domain/types/ghost.go:18.32,20.2 1 1
pokecalc/domain/types/grass.go:6.42,7.18 1 1
pokecalc/domain/types/grass.go:13.2,13.13 1 1
pokecalc/domain/types/grass.go:8.62,9.17 1 1
pokecalc/domain/types/grass.go:10.30,11.15 1 1
pokecalc/domain/types/grass.go:16.32,18.2 1 1
pokecalc/domain/types/types.go:43.40,44.20 1 1
pokecalc/domain/types/types.go:47.2,50.25 3 1
pokecalc/domain/types/types.go:61.2,61.21 1 1
pokecalc/domain/types/types.go:64.2,64.17 1 1
pokecalc/domain/types/types.go:44.20,46.3 1 1
pokecalc/domain/types/types.go:50.25,51.16 1 1
pokecalc/domain/types/types.go:54.3,55.17 2 1
pokecalc/domain/types/types.go:58.3,58.28 1 1
pokecalc/domain/types/types.go:51.16,52.12 1 1
pokecalc/domain/types/types.go:55.17,57.4 1 1
pokecalc/domain/types/types.go:61.21,63.3 1 1
pokecalc/domain/types/types.go:67.43,69.25 2 1
pokecalc/domain/types/types.go:75.2,75.12 1 1
pokecalc/domain/types/types.go:69.25,70.26 1 1
pokecalc/domain/types/types.go:70.26,73.4 2 1
pokecalc/domain/types/types.go:78.45,79.24 1 1
pokecalc/domain/types/types.go:86.2,86.14 1 1
pokecalc/domain/types/types.go:79.24,80.25 1 1
pokecalc/domain/types/types.go:80.25,81.46 1 1
pokecalc/domain/types/types.go:81.46,83.5 1 1
pokecalc/domain/types/types.go:89.33,92.24 3 1
pokecalc/domain/types/types.go:99.2,99.12 1 1
pokecalc/domain/types/types.go:92.24,94.16 2 1
pokecalc/domain/types/types.go:97.3,97.13 1 1
pokecalc/domain/types/types.go:94.16,95.9 1 1
pokecalc/domain/types/dark.go:6.41,7.18 1 1
pokecalc/domain/types/dark.go:13.2,13.13 1 1
pokecalc/domain/types/dark.go:8.32,9.17 1 1
pokecalc/domain/types/dark.go:10.24,11.15 1 1
pokecalc/domain/types/dark.go:16.31,18.2 1 1
pokecalc/domain/types/factory.go:11.41,13.9 2 1
pokecalc/domain/types/factory.go:16.2,16.17 1 1
pokecalc/domain/types/factory.go:13.9,15.3 1 1
pokecalc/domain/types/factory.go:19.38,20.36 1 1
pokecalc/domain/types/factory.go:25.2,25.46 1 1
pokecalc/domain/types/factory.go:20.36,21.49 1 1
pokecalc/domain/types/factory.go:21.49,23.4 1 1
pokecalc/domain/types/factory.go:28.13,49.2 1 1
pokecalc/domain/types/fighting.go:6.45,7.18 1 1
pokecalc/domain/types/fighting.go:15.2,15.13 1 1
pokecalc/domain/types/fighting.go:8.48,9.17 1 1
pokecalc/domain/types/fighting.go:10.43,11.15 1 1
pokecalc/domain/types/fighting.go:12.14,13.18 1 1
pokecalc/domain/types/fighting.go:18.35,20.2 1 1
pokecalc/domain/types/fire.go:6.41,7.18 1 1
pokecalc/domain/types/fire.go:13.2,13.13 1 1
pokecalc/domain/types/fire.go:8.37,9.17 1 1
pokecalc/domain/types/fire.go:10.34,11.15 1 1
pokecalc/domain/types/fire.go:16.31,18.2 1 1
pokecalc/domain/types/rock.go:6.41,7.18 1 1
pokecalc/domain/types/rock.go:13.2,13.13 1 1
pokecalc/domain/types/rock.go:8.34,9.17 1 1
pokecalc/domain/types/rock.go:10.34,11.15 1 1
pokecalc/domain/types/rock.go:16.31,18.2 1 1
pokecalc/domain/types/steel.go:6.42,7.18 1 1
pokecalc/domain/types/steel.go:13.2,13.13 1 1
pokecalc/domain/types/steel.go:8.40,9.17 1 1
pokecalc/domain/types/steel.go:10.27,11.15 1 1
pokecalc/domain/types/steel.go:16.32,18.2 1 1
pokecalc/domain/types/psychic.go:6.44,7.18 1 1
pokecalc/domain/types/psychic.go:15.2,15.13 1 1
pokecalc/domain/types/psychic.go:8.24,9.17 1 1
pokecalc/domain/types/psychic.go:10.26,11.15 1 1
pokecalc/domain/types/psychic.go:12.13,13.18 1 1
pokecalc/domain/types/psychic.go:18.34,20.2 1 1
pokecalc/domain/types/water.go:6.42,7.18 1 1
pokecalc/domain/types/water.go:13.2,13.13 1 1
pokecalc/domain/types/water.go:8.31,9.17 1 1
pokecalc/domain/types/water.go:10.29,11.15 1 1
pokecalc/domain/types/water.go:16.32,18.2 1 1
pokecalc/domain/types/dragon.go:6.43,7.18 1 1
pokecalc/domain/types/dragon.go:15.2,15.13 1 1
pokecalc/domain/types/dragon.go:8.14,9.17 1 1
pokecalc/domain/types/dragon.go:10.15,11.15 1 1
pokecalc/domain/types/dragon.go:12.14,13.18 1 1
pokecalc/domain/types/dragon.go:18.33,20.2 1 1
pokecalc/domain/types/electric.go:6.45,7.18 1 1
pokecalc/domain/types/electric.go:15.2,15.13 1 1
pokecalc/domain/types/electric.go:8.34,9.17 1 1
pokecalc/domain/types/electric.go:10.23,11.15 1 1
pokecalc/domain/types/electric.go:12.15,13.18 1 1
pokecalc/domain/types/electric.go:18.35,20.2 1 1
pokecalc/domain/types/ice.go:6.40,7.18 1 1
pokecalc/domain/types/ice.go:13.2,13.13 1 1
pokecalc/domain/types/ice.go:8.35,9.17 1 1
pokecalc/domain/types/ice.go:10.41,11.15 1 1
pokecalc/domain/types/ice.go:16.30,18.2 1 1
pokecalc/domain/types/normal.go:6.43,7.18 1 1
pokecalc/domain/types/normal.go:13.2,13.13 1 1
pokecalc/domain/types/normal.go:8.21,9.17 1 1
pokecalc/domain/types/normal.go:10.14,11.18 1 1
pokecalc/domain/types/normal.go:16.33,18.2 1 1
pokecalc/domain/types/poison.go:6.43,7.18 1 1
pokecalc/domain/types/poison.go:15.2,15.13 1 1
pokecalc/domain/types/poison.go:8.39,9.17 1 1
pokecalc/domain/types/poison.go:10.22,11.15 1 1
pokecalc/domain/types/poison.go:12.14,13.18 1 1
pokecalc/domain/types/poison.go:18.33,20.2 1 1
pokecalc/domain/types/fairy.go:6.42,7.18 1 1
pokecalc/domain/types/fairy.go:13.2,13.13 1 1
pokecalc/domain/types/fairy.go:8.30,9.17 1 1
pokecalc/domain/types/fairy.go:10.33,11.15 1 1
pokecalc/domain/types/fairy.go:16.32,18.2 1 1
pokecalc/domain/types/flying.go:6.43,7.18 1 1
pokecalc/domain/types/flying.go:13.2,13.13 1 1
pokecalc/domain/types/flying.go:8.32,9.17 1 1
pokecalc/domain/types/flying.go:10.31,11.15 1 1
pokecalc/domain/types/flying.go:16.33,18.2 1 1
pokecalc/domain/types/ground.go:6.43,7.18 1 1
pokecalc/domain/types/ground.go:15.2,15.13 1 1
pokecalc/domain/types/ground.go:8.20,9.17 1 1
pokecalc/domain/types/ground.go:10.48,11.15 1 1
pokecalc/domain/types/ground.go:12.15,13.18 1 1
pokecalc/domain/types/ground.go:18.33,20.2 1 1
