mode: set
pokecalc/domain/types/ground.go:6.43,7.18 1 1
pokecalc/domain/types/ground.go:15.2,15.13 1 1
pokecalc/domain/types/ground.go:8.20,9.17 1 1
pokecalc/domain/types/ground.go:10.48,11.15 1 1
pokecalc/domain/types/ground.go:12.15,13.18 1 1
pokecalc/domain/types/ground.go:18.33,20.2 1 0
pokecalc/domain/types/dragon.go:6.43,7.18 1 1
pokecalc/domain/types/dragon.go:15.2,15.13 1 1
pokecalc/domain/types/dragon.go:8.14,9.17 1 1
pokecalc/domain/types/dragon.go:10.15,11.15 1 1
pokecalc/domain/types/dragon.go:12.14,13.18 1 1
pokecalc/domain/types/dragon.go:18.33,20.2 1 0
pokecalc/domain/types/fairy.go:6.42,7.18 1 1
pokecalc/domain/types/fairy.go:13.2,13.13 1 1
pokecalc/domain/types/fairy.go:8.30,9.17 1 1
pokecalc/domain/types/fairy.go:10.33,11.15 1 1
pokecalc/domain/types/fairy.go:16.32,18.2 1 0
pokecalc/domain/types/fighting.go:6.45,7.18 1 1
pokecalc/domain/types/fighting.go:15.2,15.13 1 1
pokecalc/domain/types/fighting.go:8.48,9.17 1 1
pokecalc/domain/types/fighting.go:10.43,11.15 1 1
pokecalc/domain/types/fighting.go:12.14,13.18 1 1
pokecalc/domain/types/fighting.go:18.35,20.2 1 0
pokecalc/domain/types/fire.go:6.41,7.18 1 1
pokecalc/domain/types/fire.go:13.2,13.13 1 1
pokecalc/domain/types/fire.go:8.37,9.17 1 1
pokecalc/domain/types/fire.go:10.34,11.15 1 1
pokecalc/domain/types/fire.go:16.31,18.2 1 0
pokecalc/domain/types/grass.go:6.42,7.18 1 1
pokecalc/domain/types/grass.go:13.2,13.13 1 1
pokecalc/domain/types/grass.go:8.62,9.17 1 1
pokecalc/domain/types/grass.go:10.30,11.15 1 1
pokecalc/domain/types/grass.go:16.32,18.2 1 0
pokecalc/domain/types/dark.go:6.41,7.18 1 1
pokecalc/domain/types/dark.go:13.2,13.13 1 1
pokecalc/domain/types/dark.go:8.32,9.17 1 1
pokecalc/domain/types/dark.go:10.24,11.15 1 1
pokecalc/domain/types/dark.go:16.31,18.2 1 0
pokecalc/domain/types/flying.go:6.43,7.18 1 1
pokecalc/domain/types/flying.go:13.2,13.13 1 1
pokecalc/domain/types/flying.go:8.32,9.17 1 1
pokecalc/domain/types/flying.go:10.31,11.15 1 1
pokecalc/domain/types/flying.go:16.33,18.2 1 0
pokecalc/domain/types/water.go:6.42,7.18 1 1
pokecalc/domain/types/water.go:13.2,13.13 1 1
pokecalc/domain/types/water.go:8.31,9.17 1 1
pokecalc/domain/types/water.go:10.29,11.15 1 1
pokecalc/domain/types/water.go:16.32,18.2 1 0
pokecalc/domain/types/bug.go:6.40,7.18 1 1
pokecalc/domain/types/bug.go:13.2,13.13 1 1
pokecalc/domain/types/bug.go:8.66,9.17 1 1
pokecalc/domain/types/bug.go:10.31,11.15 1 1
pokecalc/domain/types/bug.go:16.30,18.2 1 0
pokecalc/domain/types/electric.go:6.45,7.18 1 1
pokecalc/domain/types/electric.go:15.2,15.13 1 1
pokecalc/domain/types/electric.go:8.34,9.17 1 1
pokecalc/domain/types/electric.go:10.23,11.15 1 1
pokecalc/domain/types/electric.go:12.15,13.18 1 1
pokecalc/domain/types/electric.go:18.35,20.2 1 0
pokecalc/domain/types/steel.go:6.42,7.18 1 1
pokecalc/domain/types/steel.go:13.2,13.13 1 1
pokecalc/domain/types/steel.go:8.40,9.17 1 1
pokecalc/domain/types/steel.go:10.27,11.15 1 1
pokecalc/domain/types/steel.go:16.32,18.2 1 0
pokecalc/domain/types/ghost.go:6.42,7.18 1 1
pokecalc/domain/types/ghost.go:15.2,15.13 1 1
pokecalc/domain/types/ghost.go:8.13,9.17 1 1
pokecalc/domain/types/ghost.go:10.24,11.15 1 1
pokecalc/domain/types/ghost.go:12.15,13.18 1 1
pokecalc/domain/types/ghost.go:18.32,20.2 1 0
pokecalc/domain/types/ice.go:6.40,7.18 1 1
pokecalc/domain/types/ice.go:13.2,13.13 1 1
pokecalc/domain/types/ice.go:8.35,9.17 1 1
pokecalc/domain/types/ice.go:10.41,11.15 1 1
pokecalc/domain/types/ice.go:16.30,18.2 1 0
pokecalc/domain/types/normal.go:6.43,7.18 1 1
pokecalc/domain/types/normal.go:13.2,13.13 1 1
pokecalc/domain/types/normal.go:8.21,9.17 1 1
pokecalc/domain/types/normal.go:10.14,11.18 1 1
pokecalc/domain/types/normal.go:16.33,18.2 1 0
pokecalc/domain/types/poison.go:6.43,7.18 1 1
pokecalc/domain/types/poison.go:15.2,15.13 1 1
pokecalc/domain/types/poison.go:8.39,9.17 1 1
pokecalc/domain/types/poison.go:10.22,11.15 1 1
pokecalc/domain/types/poison.go:12.14,13.18 1 1
pokecalc/domain/types/poison.go:18.33,20.2 1 0
pokecalc/domain/types/psychic.go:6.44,7.18 1 1
pokecalc/domain/types/psychic.go:15.2,15.13 1 1
pokecalc/domain/types/psychic.go:8.24,9.17 1 1
pokecalc/domain/types/psychic.go:10.26,11.15 1 1
pokecalc/domain/types/psychic.go:12.13,13.18 1 1
pokecalc/domain/types/psychic.go:18.34,20.2 1 0
pokecalc/domain/types/rock.go:6.41,7.18 1 1
pokecalc/domain/types/rock.go:13.2,13.13 1 1
pokecalc/domain/types/rock.go:8.34,9.17 1 1
pokecalc/domain/types/rock.go:10.34,11.15 1 1
pokecalc/domain/types/rock.go:16.31,18.2 1 0
