mode: set
pokecalc/domain/nature/calc.go:12.39,14.2 1 1
pokecalc/domain/nature/calc.go:16.31,20.2 3 1
pokecalc/domain/nature/calc.go:22.33,26.2 3 1
pokecalc/domain/nature/calc.go:28.34,31.2 2 1
pokecalc/domain/nature/calc.go:33.34,36.2 2 1
pokecalc/domain/nature/factory.go:7.13,31.2 1 1
pokecalc/domain/nature/factory.go:33.37,36.2 2 0
pokecalc/domain/nature/factory.go:38.24,47.2 1 1
pokecalc/domain/nature/factory.go:48.23,53.2 4 1
pokecalc/domain/nature/factory.go:54.24,59.2 4 1
pokecalc/domain/nature/factory.go:60.24,65.2 4 1
pokecalc/domain/nature/factory.go:66.22,71.2 4 1
pokecalc/domain/nature/factory.go:73.21,78.2 4 1
pokecalc/domain/nature/factory.go:79.23,84.2 4 1
pokecalc/domain/nature/factory.go:85.20,90.2 4 1
pokecalc/domain/nature/factory.go:91.24,96.2 4 1
pokecalc/domain/nature/factory.go:98.23,103.2 4 1
pokecalc/domain/nature/factory.go:104.21,109.2 4 1
pokecalc/domain/nature/factory.go:110.21,115.2 4 1
pokecalc/domain/nature/factory.go:116.22,121.2 4 1
pokecalc/domain/nature/factory.go:123.21,128.2 4 1
pokecalc/domain/nature/factory.go:129.23,134.2 4 1
pokecalc/domain/nature/factory.go:135.24,140.2 4 1
pokecalc/domain/nature/factory.go:141.22,146.2 4 1
pokecalc/domain/nature/factory.go:148.22,153.2 4 1
pokecalc/domain/nature/factory.go:154.22,159.2 4 1
pokecalc/domain/nature/factory.go:160.22,165.2 4 1
pokecalc/domain/nature/factory.go:166.22,171.2 4 1
pokecalc/domain/nature/nature.go:34.26,36.2 1 1
pokecalc/domain/nature/nature.go:38.43,40.2 1 1
pokecalc/domain/nature/nature.go:41.47,43.2 1 1
pokecalc/domain/nature/nature.go:44.48,46.2 1 1
pokecalc/domain/nature/nature.go:47.49,49.2 1 1
pokecalc/domain/nature/nature.go:50.50,52.2 1 1
pokecalc/domain/nature/nature.go:53.46,55.2 1 1
