mode: set
pokecalc/domain/skill/skill.go:25.61,32.2 1 1
pokecalc/domain/skill/skill.go:34.38,36.2 1 1
pokecalc/domain/skill/skill.go:38.30,40.2 1 1
pokecalc/domain/skill/skill.go:42.33,44.2 1 1
pokecalc/domain/skill/skill.go:46.39,47.11 1 1
pokecalc/domain/skill/skill.go:59.2,59.12 1 1
pokecalc/domain/skill/skill.go:48.16,49.18 1 1
pokecalc/domain/skill/skill.go:50.15,51.17 1 1
pokecalc/domain/skill/skill.go:52.18,53.20 1 1
pokecalc/domain/skill/skill.go:54.17,55.19 1 1
pokecalc/domain/skill/skill.go:56.16,57.18 1 1
pokecalc/domain/skill/statspicker.go:11.65,13.2 1 1
pokecalc/domain/skill/statspicker.go:16.64,18.2 1 1
pokecalc/domain/skill/statspicker.go:21.67,23.2 1 1
pokecalc/domain/skill/statspicker.go:26.66,28.2 1 1
pokecalc/domain/skill/statspicker.go:31.65,33.2 1 1
